[debug] [2022-04-25T12:22:58.367Z] ----------------------------------------------------------------------
[debug] [2022-04-25T12:22:58.369Z] Command:       C:\Program Files\nodejs\node.exe C:\Users\ankit\AppData\Roaming\npm\node_modules\firebase-tools\lib\bin\firebase.js deploy
[debug] [2022-04-25T12:22:58.369Z] CLI Version:   10.6.0
[debug] [2022-04-25T12:22:58.369Z] Platform:      win32
[debug] [2022-04-25T12:22:58.369Z] Node Version:  v16.14.2
[debug] [2022-04-25T12:22:58.374Z] Time:          Mon Apr 25 2022 17:52:58 GMT+0530 (India Standard Time)
[debug] [2022-04-25T12:22:58.374Z] ----------------------------------------------------------------------
[debug] 
[debug] [2022-04-25T12:22:58.436Z] > command requires scopes: ["email","openid","https://www.googleapis.com/auth/cloudplatformprojects.readonly","https://www.googleapis.com/auth/firebase","https://www.googleapis.com/auth/cloud-platform"]
[debug] [2022-04-25T12:22:58.437Z] > authorizing via signed-in user (ankitakothari372@gmail.com)
[debug] [2022-04-25T12:22:58.437Z] [iam] checking project ott-recommendation for permissions ["firebase.projects.get","firebasehosting.sites.update"]
[debug] [2022-04-25T12:22:58.439Z] >>> [apiv2][query] POST https://cloudresourcemanager.googleapis.com/v1/projects/ott-recommendation:testIamPermissions [none]
[debug] [2022-04-25T12:22:58.440Z] >>> [apiv2][body] POST https://cloudresourcemanager.googleapis.com/v1/projects/ott-recommendation:testIamPermissions {"permissions":["firebase.projects.get","firebasehosting.sites.update"]}
[debug] [2022-04-25T12:23:04.131Z] <<< [apiv2][status] POST https://cloudresourcemanager.googleapis.com/v1/projects/ott-recommendation:testIamPermissions 200
[debug] [2022-04-25T12:23:04.131Z] <<< [apiv2][body] POST https://cloudresourcemanager.googleapis.com/v1/projects/ott-recommendation:testIamPermissions {"permissions":["firebase.projects.get","firebasehosting.sites.update"]}
[debug] [2022-04-25T12:23:04.132Z] >>> [apiv2][query] GET https://firebase.googleapis.com/v1beta1/projects/ott-recommendation [none]
[debug] [2022-04-25T12:23:05.684Z] <<< [apiv2][status] GET https://firebase.googleapis.com/v1beta1/projects/ott-recommendation 200
[debug] [2022-04-25T12:23:05.684Z] <<< [apiv2][body] GET https://firebase.googleapis.com/v1beta1/projects/ott-recommendation {"projectId":"ott-recommendation","projectNumber":"318209471235","displayName":"ott-recommendation","name":"projects/ott-recommendation","resources":{"hostingSite":"ott-recommendation"},"state":"ACTIVE"}
[info] 
[info] === Deploying to 'ott-recommendation'...
[info] 
[info] i  deploying hosting 
[debug] [2022-04-25T12:23:05.687Z] >>> [apiv2][query] GET https://firebase.googleapis.com/v1beta1/projects/ott-recommendation [none]
[debug] [2022-04-25T12:23:07.022Z] <<< [apiv2][status] GET https://firebase.googleapis.com/v1beta1/projects/ott-recommendation 200
[debug] [2022-04-25T12:23:07.022Z] <<< [apiv2][body] GET https://firebase.googleapis.com/v1beta1/projects/ott-recommendation {"projectId":"ott-recommendation","projectNumber":"318209471235","displayName":"ott-recommendation","name":"projects/ott-recommendation","resources":{"hostingSite":"ott-recommendation"},"state":"ACTIVE"}
[debug] [2022-04-25T12:23:07.025Z] >>> [apiv2][query] POST https://firebasehosting.googleapis.com/v1beta1/projects/318209471235/sites/ott-recommendation/versions [none]
[debug] [2022-04-25T12:23:07.025Z] >>> [apiv2][body] POST https://firebasehosting.googleapis.com/v1beta1/projects/318209471235/sites/ott-recommendation/versions {"config":{"rewrites":[{"glob":"**","path":"/index.html"}]},"labels":{"deployment-tool":"cli-firebase"}}
[debug] [2022-04-25T12:23:09.241Z] <<< [apiv2][status] POST https://firebasehosting.googleapis.com/v1beta1/projects/318209471235/sites/ott-recommendation/versions 200
[debug] [2022-04-25T12:23:09.241Z] <<< [apiv2][body] POST https://firebasehosting.googleapis.com/v1beta1/projects/318209471235/sites/ott-recommendation/versions {"name":"projects/318209471235/sites/ott-recommendation/versions/7661baaa75acc3c2","status":"CREATED","config":{"rewrites":[{"glob":"**","path":"/index.html"}]},"labels":{"deployment-tool":"cli-firebase"}}
[info] i  hosting[ott-recommendation]: beginning deploy... 
[info] i  hosting[ott-recommendation]: found 16 files in build 
[debug] [2022-04-25T12:23:09.256Z] [hosting] uploading with 200 concurrency
[debug] [2022-04-25T12:23:09.259Z] [hosting] hash cache [YnVpbGQ] not populated
[debug] [2022-04-25T12:23:09.833Z] [hosting] hash cache [YnVpbGQ] stored for 16 files
[debug] [2022-04-25T12:23:09.834Z] [hosting][hash queue][FINAL] {"max":568,"min":28,"avg":66.8125,"active":0,"complete":16,"success":16,"errored":0,"retried":0,"total":16,"elapsed":574}
[debug] [2022-04-25T12:23:09.834Z] >>> [apiv2][query] POST https://firebasehosting.googleapis.com/v1beta1/projects/318209471235/sites/ott-recommendation/versions/7661baaa75acc3c2:populateFiles [none]
[debug] [2022-04-25T12:23:09.834Z] >>> [apiv2][body] POST https://firebasehosting.googleapis.com/v1beta1/projects/318209471235/sites/ott-recommendation/versions/7661baaa75acc3c2:populateFiles {"files":{"/asset-manifest.json":"c36b1282c147d07c2c0abf97f970e0043ae3283c2b9033e74d6415756d269c67","/index.html":"79a2d9e09758a869b88d80306eb6ac96dd37ea0eb7506600106958068c11f6b7","/favicon.ico":"87aecafb41d21ea93b7af81398237b980c43ee880676c78630ee2d1e9a6d711f","/robots.txt":"5fcd5c559ded0c02b3ed7840ca3ee77e95b798730af98d9f18bc627ac898071e","/manifest.json":"aff3449bdc238776f5d6d967f19ec491b36aed5fb7f23ccff6500736fd58494a","/logo192.png":"ebf380e341383bbf65d6a762603f630a9f7610c97f32bd297bc097635bc37ee3","/static/css/main.f48f466b.chunk.css":"8e46c1872c41c0c89fe335b87dc1ecb64544d5754f685d46c40a597697fba9a9","/static/css/main.f48f466b.chunk.css.map":"cd42e7398defa603e5bd18f699078b4fc84fbb76e27a48e93a331ee8f3a91170","/static/js/2.4de0d961.chunk.js.LICENSE.txt":"6ce629448afa8962808de0a1c0cc7247466e2c7337179e1eb68bfb557dc18c51","/static/js/main.23548c2a.chunk.js":"f72cf6685b4e26eb8d5f58f7a7d8138edd5bd124dfdc985d3adf634fabd07921","/logo512.png":"c55d034d9cf7abfac7600919cbf4f4ce2f3ea3478df91d01177e8ff136f58918","/static/js/runtime-main.b1b8fd22.js.map":"2f46a28ad5863a302e0d4b497a167b808199663938b52d2d66675fd01ed988ce","/static/js/main.23548c2a.chunk.js.map":"c82ba3efb83202ba56144cf9bdf57dfedf8cf3c5ac8f589a101ff3dce0361266","/static/js/runtime-main.b1b8fd22.js":"3dbf1f4d870f3f43127bddec1f67b608e98685d85cf01e3098e8f683f858f70d","/static/js/2.4de0d961.chunk.js":"c515325a7762a0f39669ea066e87a0cc437d1abc7028df3411f31390400a3a8f","/static/js/2.4de0d961.chunk.js.map":"b4dd98ca0c236696a35bfd7f1fab08acfbec70359f2a903f727b1d912d6f3fce"}}
[debug] [2022-04-25T12:23:11.693Z] <<< [apiv2][status] POST https://firebasehosting.googleapis.com/v1beta1/projects/318209471235/sites/ott-recommendation/versions/7661baaa75acc3c2:populateFiles 200
[debug] [2022-04-25T12:23:11.693Z] <<< [apiv2][body] POST https://firebasehosting.googleapis.com/v1beta1/projects/318209471235/sites/ott-recommendation/versions/7661baaa75acc3c2:populateFiles {"uploadRequiredHashes":["cd42e7398defa603e5bd18f699078b4fc84fbb76e27a48e93a331ee8f3a91170","8e46c1872c41c0c89fe335b87dc1ecb64544d5754f685d46c40a597697fba9a9","f72cf6685b4e26eb8d5f58f7a7d8138edd5bd124dfdc985d3adf634fabd07921","79a2d9e09758a869b88d80306eb6ac96dd37ea0eb7506600106958068c11f6b7","c515325a7762a0f39669ea066e87a0cc437d1abc7028df3411f31390400a3a8f","b4dd98ca0c236696a35bfd7f1fab08acfbec70359f2a903f727b1d912d6f3fce","6ce629448afa8962808de0a1c0cc7247466e2c7337179e1eb68bfb557dc18c51","c36b1282c147d07c2c0abf97f970e0043ae3283c2b9033e74d6415756d269c67","c82ba3efb83202ba56144cf9bdf57dfedf8cf3c5ac8f589a101ff3dce0361266"],"uploadUrl":"https://upload-firebasehosting.googleapis.com/upload/sites/ott-recommendation/versions/7661baaa75acc3c2/files"}
[debug] [2022-04-25T12:23:11.695Z] >>> [apiv2][query] POST https://upload-firebasehosting.googleapis.com/upload/sites/ott-recommendation/versions/7661baaa75acc3c2/files/cd42e7398defa603e5bd18f699078b4fc84fbb76e27a48e93a331ee8f3a91170 [none]
[debug] [2022-04-25T12:23:11.695Z] >>> [apiv2][body] POST https://upload-firebasehosting.googleapis.com/upload/sites/ott-recommendation/versions/7661baaa75acc3c2/files/cd42e7398defa603e5bd18f699078b4fc84fbb76e27a48e93a331ee8f3a91170 [stream]
[debug] [2022-04-25T12:23:11.696Z] >>> [apiv2][query] POST https://upload-firebasehosting.googleapis.com/upload/sites/ott-recommendation/versions/7661baaa75acc3c2/files/8e46c1872c41c0c89fe335b87dc1ecb64544d5754f685d46c40a597697fba9a9 [none]
[debug] [2022-04-25T12:23:11.696Z] >>> [apiv2][body] POST https://upload-firebasehosting.googleapis.com/upload/sites/ott-recommendation/versions/7661baaa75acc3c2/files/8e46c1872c41c0c89fe335b87dc1ecb64544d5754f685d46c40a597697fba9a9 [stream]
[debug] [2022-04-25T12:23:11.697Z] >>> [apiv2][query] POST https://upload-firebasehosting.googleapis.com/upload/sites/ott-recommendation/versions/7661baaa75acc3c2/files/f72cf6685b4e26eb8d5f58f7a7d8138edd5bd124dfdc985d3adf634fabd07921 [none]
[debug] [2022-04-25T12:23:11.697Z] >>> [apiv2][body] POST https://upload-firebasehosting.googleapis.com/upload/sites/ott-recommendation/versions/7661baaa75acc3c2/files/f72cf6685b4e26eb8d5f58f7a7d8138edd5bd124dfdc985d3adf634fabd07921 [stream]
[debug] [2022-04-25T12:23:11.698Z] >>> [apiv2][query] POST https://upload-firebasehosting.googleapis.com/upload/sites/ott-recommendation/versions/7661baaa75acc3c2/files/79a2d9e09758a869b88d80306eb6ac96dd37ea0eb7506600106958068c11f6b7 [none]
[debug] [2022-04-25T12:23:11.698Z] >>> [apiv2][body] POST https://upload-firebasehosting.googleapis.com/upload/sites/ott-recommendation/versions/7661baaa75acc3c2/files/79a2d9e09758a869b88d80306eb6ac96dd37ea0eb7506600106958068c11f6b7 [stream]
[debug] [2022-04-25T12:23:11.700Z] >>> [apiv2][query] POST https://upload-firebasehosting.googleapis.com/upload/sites/ott-recommendation/versions/7661baaa75acc3c2/files/c515325a7762a0f39669ea066e87a0cc437d1abc7028df3411f31390400a3a8f [none]
[debug] [2022-04-25T12:23:11.700Z] >>> [apiv2][body] POST https://upload-firebasehosting.googleapis.com/upload/sites/ott-recommendation/versions/7661baaa75acc3c2/files/c515325a7762a0f39669ea066e87a0cc437d1abc7028df3411f31390400a3a8f [stream]
[debug] [2022-04-25T12:23:11.701Z] >>> [apiv2][query] POST https://upload-firebasehosting.googleapis.com/upload/sites/ott-recommendation/versions/7661baaa75acc3c2/files/b4dd98ca0c236696a35bfd7f1fab08acfbec70359f2a903f727b1d912d6f3fce [none]
[debug] [2022-04-25T12:23:11.701Z] >>> [apiv2][body] POST https://upload-firebasehosting.googleapis.com/upload/sites/ott-recommendation/versions/7661baaa75acc3c2/files/b4dd98ca0c236696a35bfd7f1fab08acfbec70359f2a903f727b1d912d6f3fce [stream]
[debug] [2022-04-25T12:23:11.702Z] >>> [apiv2][query] POST https://upload-firebasehosting.googleapis.com/upload/sites/ott-recommendation/versions/7661baaa75acc3c2/files/6ce629448afa8962808de0a1c0cc7247466e2c7337179e1eb68bfb557dc18c51 [none]
[debug] [2022-04-25T12:23:11.702Z] >>> [apiv2][body] POST https://upload-firebasehosting.googleapis.com/upload/sites/ott-recommendation/versions/7661baaa75acc3c2/files/6ce629448afa8962808de0a1c0cc7247466e2c7337179e1eb68bfb557dc18c51 [stream]
[debug] [2022-04-25T12:23:11.703Z] >>> [apiv2][query] POST https://upload-firebasehosting.googleapis.com/upload/sites/ott-recommendation/versions/7661baaa75acc3c2/files/c36b1282c147d07c2c0abf97f970e0043ae3283c2b9033e74d6415756d269c67 [none]
[debug] [2022-04-25T12:23:11.703Z] >>> [apiv2][body] POST https://upload-firebasehosting.googleapis.com/upload/sites/ott-recommendation/versions/7661baaa75acc3c2/files/c36b1282c147d07c2c0abf97f970e0043ae3283c2b9033e74d6415756d269c67 [stream]
[debug] [2022-04-25T12:23:11.704Z] >>> [apiv2][query] POST https://upload-firebasehosting.googleapis.com/upload/sites/ott-recommendation/versions/7661baaa75acc3c2/files/c82ba3efb83202ba56144cf9bdf57dfedf8cf3c5ac8f589a101ff3dce0361266 [none]
[debug] [2022-04-25T12:23:11.704Z] >>> [apiv2][body] POST https://upload-firebasehosting.googleapis.com/upload/sites/ott-recommendation/versions/7661baaa75acc3c2/files/c82ba3efb83202ba56144cf9bdf57dfedf8cf3c5ac8f589a101ff3dce0361266 [stream]
[debug] [2022-04-25T12:23:11.705Z] [hosting][populate queue][FINAL] {"max":1863,"min":1863,"avg":1863,"active":0,"complete":1,"success":1,"errored":0,"retried":0,"total":1,"elapsed":1873}
[debug] [2022-04-25T12:23:11.705Z] [hosting] uploads queued: 9
[debug] [2022-04-25T12:23:14.042Z] <<< [apiv2][status] POST https://upload-firebasehosting.googleapis.com/upload/sites/ott-recommendation/versions/7661baaa75acc3c2/files/cd42e7398defa603e5bd18f699078b4fc84fbb76e27a48e93a331ee8f3a91170 200
[debug] [2022-04-25T12:23:14.042Z] <<< [apiv2][body] POST https://upload-firebasehosting.googleapis.com/upload/sites/ott-recommendation/versions/7661baaa75acc3c2/files/cd42e7398defa603e5bd18f699078b4fc84fbb76e27a48e93a331ee8f3a91170 [stream]
[debug] [2022-04-25T12:23:14.105Z] <<< [apiv2][status] POST https://upload-firebasehosting.googleapis.com/upload/sites/ott-recommendation/versions/7661baaa75acc3c2/files/6ce629448afa8962808de0a1c0cc7247466e2c7337179e1eb68bfb557dc18c51 200
[debug] [2022-04-25T12:23:14.106Z] <<< [apiv2][body] POST https://upload-firebasehosting.googleapis.com/upload/sites/ott-recommendation/versions/7661baaa75acc3c2/files/6ce629448afa8962808de0a1c0cc7247466e2c7337179e1eb68bfb557dc18c51 [stream]
[debug] [2022-04-25T12:23:14.148Z] <<< [apiv2][status] POST https://upload-firebasehosting.googleapis.com/upload/sites/ott-recommendation/versions/7661baaa75acc3c2/files/f72cf6685b4e26eb8d5f58f7a7d8138edd5bd124dfdc985d3adf634fabd07921 200
[debug] [2022-04-25T12:23:14.149Z] <<< [apiv2][body] POST https://upload-firebasehosting.googleapis.com/upload/sites/ott-recommendation/versions/7661baaa75acc3c2/files/f72cf6685b4e26eb8d5f58f7a7d8138edd5bd124dfdc985d3adf634fabd07921 [stream]
[debug] [2022-04-25T12:23:14.164Z] <<< [apiv2][status] POST https://upload-firebasehosting.googleapis.com/upload/sites/ott-recommendation/versions/7661baaa75acc3c2/files/c36b1282c147d07c2c0abf97f970e0043ae3283c2b9033e74d6415756d269c67 200
[debug] [2022-04-25T12:23:14.164Z] <<< [apiv2][body] POST https://upload-firebasehosting.googleapis.com/upload/sites/ott-recommendation/versions/7661baaa75acc3c2/files/c36b1282c147d07c2c0abf97f970e0043ae3283c2b9033e74d6415756d269c67 [stream]
[debug] [2022-04-25T12:23:15.104Z] <<< [apiv2][status] POST https://upload-firebasehosting.googleapis.com/upload/sites/ott-recommendation/versions/7661baaa75acc3c2/files/8e46c1872c41c0c89fe335b87dc1ecb64544d5754f685d46c40a597697fba9a9 200
[debug] [2022-04-25T12:23:15.105Z] <<< [apiv2][body] POST https://upload-firebasehosting.googleapis.com/upload/sites/ott-recommendation/versions/7661baaa75acc3c2/files/8e46c1872c41c0c89fe335b87dc1ecb64544d5754f685d46c40a597697fba9a9 [stream]
[debug] [2022-04-25T12:23:16.345Z] <<< [apiv2][status] POST https://upload-firebasehosting.googleapis.com/upload/sites/ott-recommendation/versions/7661baaa75acc3c2/files/79a2d9e09758a869b88d80306eb6ac96dd37ea0eb7506600106958068c11f6b7 200
[debug] [2022-04-25T12:23:16.345Z] <<< [apiv2][body] POST https://upload-firebasehosting.googleapis.com/upload/sites/ott-recommendation/versions/7661baaa75acc3c2/files/79a2d9e09758a869b88d80306eb6ac96dd37ea0eb7506600106958068c11f6b7 [stream]
[debug] [2022-04-25T12:23:20.640Z] <<< [apiv2][status] POST https://upload-firebasehosting.googleapis.com/upload/sites/ott-recommendation/versions/7661baaa75acc3c2/files/c82ba3efb83202ba56144cf9bdf57dfedf8cf3c5ac8f589a101ff3dce0361266 200
[debug] [2022-04-25T12:23:20.640Z] <<< [apiv2][body] POST https://upload-firebasehosting.googleapis.com/upload/sites/ott-recommendation/versions/7661baaa75acc3c2/files/c82ba3efb83202ba56144cf9bdf57dfedf8cf3c5ac8f589a101ff3dce0361266 [stream]
[debug] [2022-04-25T12:23:22.796Z] <<< [apiv2][status] POST https://upload-firebasehosting.googleapis.com/upload/sites/ott-recommendation/versions/7661baaa75acc3c2/files/c515325a7762a0f39669ea066e87a0cc437d1abc7028df3411f31390400a3a8f 200
[debug] [2022-04-25T12:23:22.796Z] <<< [apiv2][body] POST https://upload-firebasehosting.googleapis.com/upload/sites/ott-recommendation/versions/7661baaa75acc3c2/files/c515325a7762a0f39669ea066e87a0cc437d1abc7028df3411f31390400a3a8f [stream]
[debug] [2022-04-25T12:23:33.405Z] <<< [apiv2][status] POST https://upload-firebasehosting.googleapis.com/upload/sites/ott-recommendation/versions/7661baaa75acc3c2/files/b4dd98ca0c236696a35bfd7f1fab08acfbec70359f2a903f727b1d912d6f3fce 200
[debug] [2022-04-25T12:23:33.405Z] <<< [apiv2][body] POST https://upload-firebasehosting.googleapis.com/upload/sites/ott-recommendation/versions/7661baaa75acc3c2/files/b4dd98ca0c236696a35bfd7f1fab08acfbec70359f2a903f727b1d912d6f3fce [stream]
[debug] [2022-04-25T12:23:33.406Z] [hosting][upload queue][FINAL] {"max":21711,"min":2350,"avg":6612.222222222223,"active":0,"complete":9,"success":9,"errored":0,"retried":0,"total":9,"elapsed":21713}
[info] +  hosting[ott-recommendation]: file upload complete 
[debug] [2022-04-25T12:23:33.406Z] [hosting] deploy completed after 24164ms
[debug] [2022-04-25T12:23:33.409Z] [
  {
    "config": {
      "public": "build",
      "ignore": [
        "firebase.json",
        "**/.*",
        "**/node_modules/**"
      ],
      "rewrites": [
        {
          "source": "**",
          "destination": "/index.html"
        }
      ],
      "site": "ott-recommendation"
    },
    "site": "ott-recommendation",
    "version": "projects/318209471235/sites/ott-recommendation/versions/7661baaa75acc3c2"
  }
]
[info] i  hosting[ott-recommendation]: finalizing version... 
[debug] [2022-04-25T12:23:33.410Z] >>> [apiv2][query] PATCH https://firebasehosting.googleapis.com/v1beta1/projects/318209471235/sites/ott-recommendation/versions/7661baaa75acc3c2 updateMask=status
[debug] [2022-04-25T12:23:33.410Z] >>> [apiv2][body] PATCH https://firebasehosting.googleapis.com/v1beta1/projects/318209471235/sites/ott-recommendation/versions/7661baaa75acc3c2 {"status":"FINALIZED"}
[debug] [2022-04-25T12:23:35.017Z] <<< [apiv2][status] PATCH https://firebasehosting.googleapis.com/v1beta1/projects/318209471235/sites/ott-recommendation/versions/7661baaa75acc3c2 200
[debug] [2022-04-25T12:23:35.017Z] <<< [apiv2][body] PATCH https://firebasehosting.googleapis.com/v1beta1/projects/318209471235/sites/ott-recommendation/versions/7661baaa75acc3c2 {"name":"projects/318209471235/sites/ott-recommendation/versions/7661baaa75acc3c2","status":"FINALIZED","config":{"rewrites":[{"glob":"**","path":"/index.html"}]},"labels":{"deployment-tool":"cli-firebase"},"createTime":"2022-04-25T12:23:07.820444Z","createUser":{"email":"ankitakothari372@gmail.com"},"finalizeTime":"2022-04-25T12:23:34.102012Z","finalizeUser":{"email":"ankitakothari372@gmail.com"}}
[debug] [2022-04-25T12:23:35.017Z] [hosting] finalized version for ott-recommendation:[object Object]
[info] +  hosting[ott-recommendation]: version finalized 
[info] i  hosting[ott-recommendation]: releasing new version... 
[debug] [2022-04-25T12:23:35.018Z] >>> [apiv2][query] POST https://firebasehosting.googleapis.com/v1beta1/projects/318209471235/sites/ott-recommendation/releases versionName=projects%2F318209471235%2Fsites%2Fott-recommendation%2Fversions%2F7661baaa75acc3c2
[debug] [2022-04-25T12:23:35.018Z] >>> [apiv2][body] POST https://firebasehosting.googleapis.com/v1beta1/projects/318209471235/sites/ott-recommendation/releases {"message":null}
[debug] [2022-04-25T12:23:37.841Z] <<< [apiv2][status] POST https://firebasehosting.googleapis.com/v1beta1/projects/318209471235/sites/ott-recommendation/releases 200
[debug] [2022-04-25T12:23:37.841Z] <<< [apiv2][body] POST https://firebasehosting.googleapis.com/v1beta1/projects/318209471235/sites/ott-recommendation/releases {"name":"projects/318209471235/sites/ott-recommendation/releases/1650889415157844","version":{"name":"projects/318209471235/sites/ott-recommendation/versions/7661baaa75acc3c2","status":"FINALIZED","config":{"rewrites":[{"glob":"**","path":"/index.html"}]},"labels":{"deployment-tool":"cli-firebase"},"createTime":"2022-04-25T12:23:07.820444Z","createUser":{"email":"ankitakothari372@gmail.com","imageUrl":"https://lh3.googleusercontent.com/a/AATXAJysAJ8zO4nrA1Ctd8nv7X-U56MNUSuQ-hjwu6Tn=mo"},"finalizeTime":"2022-04-25T12:23:34.102012Z","finalizeUser":{"email":"ankitakothari372@gmail.com","imageUrl":"https://lh3.googleusercontent.com/a/AATXAJysAJ8zO4nrA1Ctd8nv7X-U56MNUSuQ-hjwu6Tn=mo"}},"type":"DEPLOY","releaseTime":"2022-04-25T12:23:35.157844370Z","releaseUser":{"email":"ankitakothari372@gmail.com","imageUrl":"https://lh3.googleusercontent.com/a/AATXAJysAJ8zO4nrA1Ctd8nv7X-U56MNUSuQ-hjwu6Tn=mo"}}
[debug] [2022-04-25T12:23:37.841Z] [hosting] release: {"name":"projects/318209471235/sites/ott-recommendation/releases/1650889415157844","version":{"name":"projects/318209471235/sites/ott-recommendation/versions/7661baaa75acc3c2","status":"FINALIZED","config":{"rewrites":[{"glob":"**","path":"/index.html"}]},"labels":{"deployment-tool":"cli-firebase"},"createTime":"2022-04-25T12:23:07.820444Z","createUser":{"email":"ankitakothari372@gmail.com","imageUrl":"https://lh3.googleusercontent.com/a/AATXAJysAJ8zO4nrA1Ctd8nv7X-U56MNUSuQ-hjwu6Tn=mo"},"finalizeTime":"2022-04-25T12:23:34.102012Z","finalizeUser":{"email":"ankitakothari372@gmail.com","imageUrl":"https://lh3.googleusercontent.com/a/AATXAJysAJ8zO4nrA1Ctd8nv7X-U56MNUSuQ-hjwu6Tn=mo"}},"type":"DEPLOY","releaseTime":"2022-04-25T12:23:35.157844370Z","releaseUser":{"email":"ankitakothari372@gmail.com","imageUrl":"https://lh3.googleusercontent.com/a/AATXAJysAJ8zO4nrA1Ctd8nv7X-U56MNUSuQ-hjwu6Tn=mo"}}
[info] +  hosting[ott-recommendation]: release complete 
